2022-10-14 11:14:57 INFO  Hooks:20 - Driver is successfully started
2022-10-14 11:17:04 INFO  Hooks:20 - Driver is successfully started
2022-10-14 11:18:45 INFO  Hooks:20 - Driver is successfully started
2022-10-14 11:20:42 INFO  Hooks:20 - Driver is successfully started
2022-10-14 11:23:33 INFO  Hooks:20 - Driver is successfully started
2022-10-14 11:24:46 INFO  Hooks:20 - Driver is successfully started
2022-10-14 11:24:51 INFO  Lab01:27 - Get guote button is clicked
2022-10-14 11:24:51 INFO  Lab01Steps:37 - The get Quote button navigate to application
2022-10-14 11:41:58 INFO  Hooks:20 - Driver is successfully started
2022-10-14 11:42:11 INFO  Hooks:20 - Driver is successfully started
2022-10-14 11:42:54 INFO  Hooks:20 - Driver is successfully started
2022-10-14 11:43:00 INFO  Lab01:27 - Get guote button is clicked
2022-10-14 11:43:00 INFO  Lab01Steps:37 - The get Quote button navigate to application
2022-10-14 11:46:16 INFO  Hooks:20 - Driver is successfully started
2022-10-14 11:46:21 INFO  Lab01:27 - Get guote button is clicked
2022-10-14 11:46:21 INFO  Lab01Steps:37 - The get Quote button navigate to application
2022-10-14 12:47:14 INFO  Hooks:20 - Driver is successfully started
2022-10-14 12:47:19 INFO  Lab01:37 - Get guote button is clicked
2022-10-14 12:50:21 INFO  Hooks:20 - Driver is successfully started
2022-10-14 12:50:26 INFO  Lab01:37 - Get guote button is clicked
2022-10-14 12:50:27 INFO  Lab01:46 - Financial Details button is clicked
2022-10-14 12:51:06 INFO  Hooks:20 - Driver is successfully started
2022-10-14 12:51:11 INFO  Lab01:37 - Get guote button is clicked
2022-10-14 12:51:12 INFO  Lab01:46 - Financial Details button is clicked
2022-10-20 23:08:27 INFO  Hooks:20 - Driver is successfully started
2022-10-20 23:08:41 INFO  Lab01:37 - Get guote button is clicked
2022-10-20 23:08:42 INFO  Lab01:46 - Financial Details button is clicked
2022-10-20 23:19:44 INFO  Hooks:20 - Driver is successfully started
2022-10-20 23:19:49 INFO  Lab01:39 - Get guote button is clicked
2022-10-20 23:19:50 INFO  Lab01:48 - Financial Details button is clicked
2022-10-20 23:19:51 INFO  Lab01:48 - Financial Details button is clicked
2022-10-20 23:20:44 INFO  Hooks:20 - Driver is successfully started
2022-10-20 23:20:49 INFO  Lab01:39 - Get guote button is clicked
2022-10-20 23:20:50 INFO  Lab01:48 - Financial Details button is clicked
2022-10-20 23:22:21 INFO  Hooks:20 - Driver is successfully started
2022-10-20 23:22:26 INFO  Lab01:39 - Get guote button is clicked
2022-10-20 23:22:27 INFO  Lab01:48 - Financial Details button is clicked
2022-10-20 23:25:19 INFO  Hooks:20 - Driver is successfully started
2022-10-20 23:25:24 INFO  Lab01:39 - Get guote button is clicked
2022-10-20 23:25:25 INFO  Lab01:48 - Financial Details button is clicked
2022-10-20 23:30:09 INFO  Hooks:20 - Driver is successfully started
2022-10-20 23:30:14 INFO  Lab01:39 - Get guote button is clicked
2022-10-20 23:30:15 INFO  Lab01:48 - Financial Details button is clicked
2022-10-20 23:31:09 INFO  Hooks:20 - Driver is successfully started
2022-10-20 23:31:14 INFO  Lab01:39 - Get guote button is clicked
2022-10-20 23:31:15 INFO  Lab01:48 - Financial Details button is clicked
2022-10-20 23:41:21 INFO  Hooks:20 - Driver is successfully started
2022-10-20 23:41:26 INFO  Lab01:39 - Get guote button is clicked
2022-10-20 23:41:27 INFO  Lab01:48 - Financial Details button is clicked
2022-10-20 23:46:23 INFO  Hooks:20 - Driver is successfully started
2022-10-20 23:46:28 INFO  Lab01:39 - Get guote button is clicked
2022-10-20 23:46:29 INFO  Lab01:48 - Financial Details button is clicked
2022-10-20 23:46:31 INFO  Lab01Steps:52 - Verified
2022-10-20 23:47:13 INFO  Hooks:20 - Driver is successfully started
2022-10-20 23:47:18 INFO  Lab01:39 - Get guote button is clicked
2022-10-20 23:47:19 INFO  Lab01:48 - Financial Details button is clicked
2022-10-20 23:47:21 INFO  Lab01Steps:52 - Verified
2022-10-20 23:48:46 INFO  Hooks:20 - Driver is successfully started
2022-10-20 23:48:51 INFO  Lab01:39 - Get guote button is clicked
2022-10-20 23:48:52 INFO  Lab01:48 - Financial Details button is clicked
2022-10-20 23:48:54 INFO  Lab01Steps:52 - Verified
2022-10-20 23:53:11 INFO  Hooks:20 - Driver is successfully started
2022-10-20 23:53:16 INFO  Lab01:39 - Get guote button is clicked
2022-10-20 23:53:17 INFO  Lab01:48 - Financial Details button is clicked
2022-10-20 23:55:20 INFO  Hooks:20 - Driver is successfully started
2022-10-20 23:55:25 INFO  Lab01:39 - Get guote button is clicked
2022-10-20 23:55:27 INFO  Lab01:48 - Financial Details button is clicked
2022-10-21 00:00:55 INFO  Hooks:20 - Driver is successfully started
2022-10-21 00:01:00 INFO  Lab01:39 - Get guote button is clicked
2022-10-21 00:01:01 INFO  Lab01:48 - Financial Details button is clicked
2022-10-21 00:02:53 INFO  Hooks:20 - Driver is successfully started
2022-10-21 00:02:58 INFO  Lab01:39 - Get guote button is clicked
2022-10-21 00:02:59 INFO  Lab01:48 - Financial Details button is clicked
2022-10-21 00:21:46 INFO  Hooks:20 - Driver is successfully started
2022-10-21 00:22:00 ERROR Lab03:61 - The option thay you have provided is not valid. Please check!
2022-10-21 00:22:00 ERROR Lab03:62 - doneis the provided option
2022-10-21 00:22:00 INFO  Lab03_stepDefinitions:38 - Firstname is successfully provided
2022-10-21 00:22:00 INFO  Lab03_stepDefinitions:40 - LastName is successfully provided
2022-10-21 00:22:00 INFO  Lab03_stepDefinitions:42 - email is successfully provided
2022-10-21 00:22:00 INFO  Lab03_stepDefinitions:44 - address is successfully provided
2022-10-21 00:22:00 INFO  Lab03_stepDefinitions:46 - phone number is successfully provided
2022-10-21 00:22:04 INFO  Hooks:20 - Driver is successfully started
2022-10-21 00:22:19 INFO  Hooks:20 - Driver is successfully started
2022-10-21 00:22:32 ERROR Lab03:61 - The option thay you have provided is not valid. Please check!
2022-10-21 00:22:32 ERROR Lab03:62 - doneis the provided option
2022-10-21 00:22:32 INFO  Lab03_stepDefinitions:38 - Firstname is successfully provided
2022-10-21 00:22:33 INFO  Lab03_stepDefinitions:40 - LastName is successfully provided
2022-10-21 00:22:33 INFO  Lab03_stepDefinitions:42 - email is successfully provided
2022-10-21 00:22:33 INFO  Lab03_stepDefinitions:44 - address is successfully provided
2022-10-21 00:22:33 INFO  Lab03_stepDefinitions:46 - phone number is successfully provided
2022-10-21 00:22:33 INFO  Hooks:20 - Driver is successfully started
2022-10-21 00:22:44 ERROR Lab03:61 - The option thay you have provided is not valid. Please check!
2022-10-21 00:22:44 ERROR Lab03:62 - pendingis the provided option
2022-10-21 00:22:44 INFO  Lab03_stepDefinitions:38 - Firstname is successfully provided
2022-10-21 00:22:44 INFO  Lab03_stepDefinitions:40 - LastName is successfully provided
2022-10-21 00:22:44 INFO  Lab03_stepDefinitions:42 - email is successfully provided
2022-10-21 00:22:44 INFO  Lab03_stepDefinitions:44 - address is successfully provided
2022-10-21 00:22:44 INFO  Lab03_stepDefinitions:46 - phone number is successfully provided
2022-10-21 00:53:50 INFO  Hooks:20 - Driver is successfully started
2022-10-21 00:55:23 INFO  Hooks:20 - Driver is successfully started
2022-10-21 00:56:57 INFO  Hooks:20 - Driver is successfully started
2022-10-21 01:03:19 INFO  Hooks:20 - Driver is successfully started
2022-10-21 01:04:20 INFO  Hooks:20 - Driver is successfully started
2022-10-21 01:06:15 INFO  Hooks:20 - Driver is successfully started
2022-10-21 01:11:46 INFO  Hooks:20 - Driver is successfully started
2022-10-21 01:12:42 INFO  Hooks:20 - Driver is successfully started
2022-10-21 01:15:06 INFO  Hooks:20 - Driver is successfully started
2022-10-21 01:16:11 INFO  Hooks:20 - Driver is successfully started
2022-10-21 01:17:03 INFO  Hooks:20 - Driver is successfully started
2022-10-21 01:17:51 INFO  Hooks:20 - Driver is successfully started
2022-10-21 01:21:50 INFO  Hooks:20 - Driver is successfully started
2022-10-21 13:08:49 INFO  Hooks:20 - Driver is successfully started
2022-10-21 13:39:04 INFO  Hooks:20 - Driver is successfully started
2022-10-21 13:40:24 INFO  Hooks:20 - Driver is successfully started
2022-10-21 13:41:53 INFO  Hooks:20 - Driver is successfully started
2022-10-21 13:45:33 INFO  Hooks:20 - Driver is successfully started
2022-10-21 13:53:01 INFO  Hooks:20 - Driver is successfully started
2022-10-21 13:56:08 INFO  Hooks:20 - Driver is successfully started
2022-10-31 21:17:14 INFO  Hooks:20 - Driver is successfully started
2022-10-31 21:18:41 INFO  Hooks:20 - Driver is successfully started
2022-10-31 21:20:35 INFO  Hooks:20 - Driver is successfully started
2022-10-31 21:21:37 INFO  Hooks:20 - Driver is successfully started
2022-10-31 21:25:16 INFO  Hooks:20 - Driver is successfully started
2022-10-31 21:37:25 INFO  Hooks:20 - Driver is successfully started
2022-10-31 21:38:53 INFO  Hooks:20 - Driver is successfully started
2022-10-31 21:41:50 INFO  Hooks:20 - Driver is successfully started
